Change Component Designator: Old Designator=*12 New Designator=*20
Change Component Designator: Old Designator=*20 New Designator=*21
Change Component Designator: Old Designator=*21 New Designator=*22
Change Component Designator: Old Designator=C44 New Designator=C45
Change Component Designator: Old Designator=C45 New Designator=C46
Change Component Designator: Old Designator=C46 New Designator=C79
Change Component Designator: Old Designator=C47 New Designator=C55
Change Component Designator: Old Designator=C48 New Designator=C56
Change Component Designator: Old Designator=C49 New Designator=C57
Change Component Designator: Old Designator=C50 New Designator=C58
Change Component Designator: Old Designator=C51 New Designator=C59
Change Component Designator: Old Designator=C52 New Designator=C60
Change Component Designator: Old Designator=C53 New Designator=C63
Change Component Designator: Old Designator=C54 New Designator=C64
Change Component Designator: Old Designator=C55 New Designator=C73
Change Component Designator: Old Designator=C56 New Designator=C74
Change Component Designator: Old Designator=C57 New Designator=C75
Change Component Designator: Old Designator=C58 New Designator=C76
Change Component Designator: Old Designator=C59 New Designator=C61
Change Component Designator: Old Designator=C60 New Designator=C77
Change Component Designator: Old Designator=C61 New Designator=C78
Change Component Designator: Old Designator=C63 New Designator=C80
Change Component Designator: Old Designator=C64 New Designator=C81
Change Component Designator: Old Designator=C65 New Designator=C93
Change Component Designator: Old Designator=C66 New Designator=C94
Change Component Designator: Old Designator=C67 New Designator=C98
Change Component Designator: Old Designator=C68 New Designator=C99
Change Component Designator: Old Designator=C69 New Designator=C100
Change Component Designator: Old Designator=C70 New Designator=C104
Change Component Designator: Old Designator=C71 New Designator=C105
Change Component Designator: Old Designator=C72 New Designator=C106
Change Component Designator: Old Designator=C73 New Designator=C107
Change Component Designator: Old Designator=C74 New Designator=C108
Change Component Designator: Old Designator=C75 New Designator=C109
Change Component Designator: Old Designator=C76 New Designator=C110
Change Component Designator: Old Designator=C77 New Designator=C111
Change Component Designator: Old Designator=C78 New Designator=C112
Change Component Designator: Old Designator=C79 New Designator=C113
Change Component Designator: Old Designator=C80 New Designator=C114
Change Component Designator: Old Designator=C81 New Designator=C115
Change Component Designator: Old Designator=C82 New Designator=C116
Change Component Designator: Old Designator=C83 New Designator=C117
Change Component Designator: Old Designator=C84 New Designator=C118
Change Component Designator: Old Designator=C85 New Designator=C119
Change Component Designator: Old Designator=C86 New Designator=C120
Change Component Designator: Old Designator=C87 New Designator=C121
Change Component Designator: Old Designator=C88 New Designator=C122
Change Component Designator: Old Designator=C89 New Designator=C123
Change Component Designator: Old Designator=C90 New Designator=C124
Change Component Designator: Old Designator=C91 New Designator=C125
Change Component Designator: Old Designator=C92 New Designator=C126
Change Component Designator: Old Designator=C93 New Designator=C82
Change Component Designator: Old Designator=C94 New Designator=C83
Change Component Designator: Old Designator=C95 New Designator=C84
Change Component Designator: Old Designator=C96 New Designator=C85
Change Component Designator: Old Designator=C97 New Designator=C86
Change Component Designator: Old Designator=C98 New Designator=C87
Change Component Designator: Old Designator=C99 New Designator=C88
Change Component Designator: Old Designator=C100 New Designator=C89
Change Component Designator: Old Designator=C101 New Designator=C90
Change Component Designator: Old Designator=C102 New Designator=C91
Change Component Designator: Old Designator=C103 New Designator=C92
Change Component Designator: Old Designator=C104 New Designator=C95
Change Component Designator: Old Designator=C105 New Designator=C96
Change Component Designator: Old Designator=C106 New Designator=C97
Change Component Designator: Old Designator=C107 New Designator=C101
Change Component Designator: Old Designator=C108 New Designator=C102
Change Component Designator: Old Designator=C109 New Designator=C103
Change Component Designator: Old Designator=C111 New Designator=C47
Change Component Designator: Old Designator=C112 New Designator=C48
Change Component Designator: Old Designator=C113 New Designator=C49
Change Component Designator: Old Designator=C114 New Designator=C50
Change Component Designator: Old Designator=C115 New Designator=C51
Change Component Designator: Old Designator=C116 New Designator=C52
Change Component Designator: Old Designator=C117 New Designator=C53
Change Component Designator: Old Designator=C118 New Designator=C54
Change Component Designator: Old Designator=C119 New Designator=C65
Change Component Designator: Old Designator=C120 New Designator=C66
Change Component Designator: Old Designator=C121 New Designator=C67
Change Component Designator: Old Designator=C122 New Designator=C68
Change Component Designator: Old Designator=C123 New Designator=C69
Change Component Designator: Old Designator=C124 New Designator=C70
Change Component Designator: Old Designator=C125 New Designator=C71
Change Component Designator: Old Designator=C126 New Designator=C72
Change Component Designator: Old Designator=LED1 New Designator=LED2
Change Component Designator: Old Designator=LED2 New Designator=LED3
Change Component Designator: Old Designator=MIX New Designator=MIX1
Change Component Designator: Old Designator=R39 New Designator=R43
Change Component Designator: Old Designator=R40 New Designator=R44
Change Component Designator: Old Designator=R41 New Designator=R48
Change Component Designator: Old Designator=R42 New Designator=R47
Change Component Designator: Old Designator=R43 New Designator=R49
Change Component Designator: Old Designator=R44 New Designator=R50
Change Component Designator: Old Designator=R45 New Designator=R52
Change Component Designator: Old Designator=R46 New Designator=R53
Change Component Designator: Old Designator=R47 New Designator=R54
Change Component Designator: Old Designator=R48 New Designator=R55
Change Component Designator: Old Designator=R49 New Designator=R51
Change Component Designator: Old Designator=R50 New Designator=R58
Change Component Designator: Old Designator=R51 New Designator=R59
Change Component Designator: Old Designator=R52 New Designator=R60
Change Component Designator: Old Designator=R53 New Designator=R61
Change Component Designator: Old Designator=R54 New Designator=R62
Change Component Designator: Old Designator=R55 New Designator=R63
Change Component Designator: Old Designator=R56 New Designator=R64
Change Component Designator: Old Designator=R57 New Designator=R65
Change Component Designator: Old Designator=R58 New Designator=R66
Change Component Designator: Old Designator=R59 New Designator=R67
Change Component Designator: Old Designator=R60 New Designator=R56
Change Component Designator: Old Designator=R61 New Designator=R57
Change Component Designator: Old Designator=R66 New Designator=R45
Change Component Designator: Old Designator=R67 New Designator=R46
Change Component Designator: Old Designator=U8 New Designator=U12
Change Component Designator: Old Designator=U9 New Designator=U13
Change Component Designator: Old Designator=U10 New Designator=U14
Change Component Designator: Old Designator=U11 New Designator=U15
