Change Component Designator: OldDesignator=SWD NewDesignator=*3
Change Component Designator: OldDesignator=tp +1.8 NewDesignator=*14
Change Component Designator: OldDesignator=tp +3.3 NewDesignator=*11
Change Component Designator: OldDesignator=tp +5.0 V NewDesignator=TP *1
Change Component Designator: OldDesignator=tp +VL NewDesignator=*18
Change Component Designator: OldDesignator=tp AVDD NewDesignator=*17
Change Component Designator: OldDesignator=tp AVDD mid NewDesignator=*10
Change Component Designator: OldDesignator=tp CLK NewDesignator=*4
Change Component Designator: OldDesignator=tp GND NewDesignator=*20
Change Component Designator: OldDesignator=tp MOSI NewDesignator=*5
Change Component Designator: OldDesignator=tp REF_LCD NewDesignator=*16
Change Component Designator: OldDesignator=tp RESET NewDesignator=*7
Change Component Designator: OldDesignator=tp RX NewDesignator=*8
Change Component Designator: OldDesignator=tp SW_SH NewDesignator=*2
Change Component Designator: OldDesignator=tp TX NewDesignator=*9
Change Component Designator: OldDesignator=tp V_FB NewDesignator=*12
Change Component Designator: OldDesignator=tp V_FB NewDesignator=*13
Change Component Designator: OldDesignator=tp VGH NewDesignator=*19
Change Component Designator: OldDesignator=tp VGL NewDesignator=*15
Change Component Description : Designator=C10 Old Description=3.3uF 25V  ±20% 3.7? 1206  SMD Tantalum Capacitor New Description=3.3uF 25V  ±20% 3.7? 1206  SMD Tantalum Capacitor
Change Component Description : Designator=C28 Old Description=22uF 16V  ±20% 1.1? 2917  SMD Tantalum Capacitor New Description=22uF 16V  ±20% 1.1? 2917  SMD Tantalum Capacitor
Change Component Description : Designator=C31 Old Description=22uF 16V  ±20% 1.1? 2917  SMD Tantalum Capacitor New Description=22uF 16V  ±20% 1.1? 2917  SMD Tantalum Capacitor
Change Component Description : Designator=L5 Old Description=Multilayer type RF Inductor 10nH ±5% 0.3? 650mA 0603 New Description=Multilayer type RF Inductor 10nH ±5% 0.3? 650mA 0603
Change Component Description : Designator=L6 Old Description=Multilayer type RF Inductor 10nH ±5% 0.3? 650mA 0603 New Description=Multilayer type RF Inductor 10nH ±5% 0.3? 650mA 0603
Change Component Description : Designator=L7 Old Description=Multilayer type RF Inductor 10nH ±5% 0.3? 650mA 0603 New Description=Multilayer type RF Inductor 10nH ±5% 0.3? 650mA 0603
Change Component Description : Designator=L10 Old Description=Multilayer type RF Inductor 10nH ±5% 0.3? 650mA 0603 New Description=Multilayer type RF Inductor 10nH ±5% 0.3? 650mA 0603
Change component parameters: Designator = "J5"; Footprint = "FP-73251-1350-MFG"; UniqueID = "\REBJLJFU"
Change component parameters. Clean all parameters for all variants
Change component parameters (AddParameter): Name = "Automotive"; Value = "No"; VariantName = "[No Variations]"
Change component parameters (AddParameter): Name = "Category"; Value = "Conn"; VariantName = "[No Variations]"
Change component parameters (AddParameter): Name = "ComponentLink2Description"; Value = "Datasheet"; VariantName = "[No Variations]"
Change component parameters (AddParameter): Name = "ComponentLink2URL"; Value = "https://www.molex.com/pdm_docs/sd/732511350_sd.pdf"; VariantName = "[No Variations]"
Change component parameters (AddParameter): Name = "Conn Orientation"; Value = "Straight"; VariantName = "[No Variations]"
Change component parameters (AddParameter): Name = "Contact Material"; Value = "Gold"; VariantName = "[No Variations]"
Change component parameters (AddParameter): Name = "Device Class L1"; Value = "Connectors"; VariantName = "[No Variations]"
Change component parameters (AddParameter): Name = "Device Class L2"; Value = "RF / Coaxial Connectors"; VariantName = "[No Variations]"
Change component parameters (AddParameter): Name = "Device Class L3"; Value = "unset"; VariantName = "[No Variations]"
Change component parameters (AddParameter): Name = "Digikey Description"; Value = "CONN SMA JACK STR 50 OHM SMD"; VariantName = "[No Variations]"
Change component parameters (AddParameter): Name = "Footprint Url"; Value = "https://forum.upverter.com/uploads/default/original/3X/d/a/daeafa2ce4908d4fc4e49f0b17d7d2c986fce444.pdf"; VariantName = "[No Variations]"
Change component parameters (AddParameter): Name = "Frequency"; Value = "18GHz"; VariantName = "[No Variations]"
Change component parameters (AddParameter): Name = "Height"; Value = "9.655mm"; VariantName = "[No Variations]"
Change component parameters (AddParameter): Name = "Impedance"; Value = "50?"; VariantName = "[No Variations]"
Change component parameters (AddParameter): Name = "Is Female"; Value = "yes"; VariantName = "[No Variations]"
Change component parameters (AddParameter): Name = "Lead Free"; Value = "Yes"; VariantName = "[No Variations]"
Change component parameters (AddParameter): Name = "Manufacturer"; Value = "Molex"; VariantName = "[No Variations]"
Change component parameters (AddParameter): Name = "Manufacturer Part Number"; Value = "73251-1350"; VariantName = "[No Variations]"
Change component parameters (AddParameter): Name = "Mouser Description"; Value = "RF Connectors / Coaxial Connectors SMA ST PCB-JCK STD SMT"; VariantName = "[No Variations]"
Change component parameters (AddParameter): Name = "Number Of Contacts"; Value = "1"; VariantName = "[No Variations]"
Change component parameters (AddParameter): Name = "Octopart"; Value = "https://octopart.com/73251-1350-molex-5414390"; VariantName = "[No Variations]"
Change component parameters (AddParameter): Name = "Package"; Value = "73251-1350"; VariantName = "[No Variations]"
Change component parameters (AddParameter): Name = "RoHS"; Value = "TRUE"; VariantName = "[No Variations]"
Change component parameters (AddParameter): Name = "Shielding"; Value = "true"; VariantName = "[No Variations]"
Change component parameters (AddParameter): Name = "Standoff Height"; Value = "0.41mm"; VariantName = "[No Variations]"
Change component parameters (AddParameter): Name = "Temperature"; Value = "-65°C to +165°C"; VariantName = "[No Variations]"
Change component parameters (AddParameter): Name = "Temperature Range High"; Value = "+165°C"; VariantName = "[No Variations]"
Change component parameters (AddParameter): Name = "Temperature Range Low"; Value = "-65°C"; VariantName = "[No Variations]"
Change component parameters (AddParameter): Name = "Voltage Rating"; Value = "500V"; VariantName = "[No Variations]"
Change component parameters: Designator = "J6"; Footprint = "FP-73251-1350-MFG"; UniqueID = "\MWCKLJJY"
Change component parameters. Clean all parameters for all variants
Change component parameters (AddParameter): Name = "Automotive"; Value = "No"; VariantName = "[No Variations]"
Change component parameters (AddParameter): Name = "Category"; Value = "Conn"; VariantName = "[No Variations]"
Change component parameters (AddParameter): Name = "ComponentLink2Description"; Value = "Datasheet"; VariantName = "[No Variations]"
Change component parameters (AddParameter): Name = "ComponentLink2URL"; Value = "https://www.molex.com/pdm_docs/sd/732511350_sd.pdf"; VariantName = "[No Variations]"
Change component parameters (AddParameter): Name = "Conn Orientation"; Value = "Straight"; VariantName = "[No Variations]"
Change component parameters (AddParameter): Name = "Contact Material"; Value = "Gold"; VariantName = "[No Variations]"
Change component parameters (AddParameter): Name = "Device Class L1"; Value = "Connectors"; VariantName = "[No Variations]"
Change component parameters (AddParameter): Name = "Device Class L2"; Value = "RF / Coaxial Connectors"; VariantName = "[No Variations]"
Change component parameters (AddParameter): Name = "Device Class L3"; Value = "unset"; VariantName = "[No Variations]"
Change component parameters (AddParameter): Name = "Digikey Description"; Value = "CONN SMA JACK STR 50 OHM SMD"; VariantName = "[No Variations]"
Change component parameters (AddParameter): Name = "Footprint Url"; Value = "https://forum.upverter.com/uploads/default/original/3X/d/a/daeafa2ce4908d4fc4e49f0b17d7d2c986fce444.pdf"; VariantName = "[No Variations]"
Change component parameters (AddParameter): Name = "Frequency"; Value = "18GHz"; VariantName = "[No Variations]"
Change component parameters (AddParameter): Name = "Height"; Value = "9.655mm"; VariantName = "[No Variations]"
Change component parameters (AddParameter): Name = "Impedance"; Value = "50?"; VariantName = "[No Variations]"
Change component parameters (AddParameter): Name = "Is Female"; Value = "yes"; VariantName = "[No Variations]"
Change component parameters (AddParameter): Name = "Lead Free"; Value = "Yes"; VariantName = "[No Variations]"
Change component parameters (AddParameter): Name = "Manufacturer"; Value = "Molex"; VariantName = "[No Variations]"
Change component parameters (AddParameter): Name = "Manufacturer Part Number"; Value = "73251-1350"; VariantName = "[No Variations]"
Change component parameters (AddParameter): Name = "Mouser Description"; Value = "RF Connectors / Coaxial Connectors SMA ST PCB-JCK STD SMT"; VariantName = "[No Variations]"
Change component parameters (AddParameter): Name = "Number Of Contacts"; Value = "1"; VariantName = "[No Variations]"
Change component parameters (AddParameter): Name = "Octopart"; Value = "https://octopart.com/73251-1350-molex-5414390"; VariantName = "[No Variations]"
Change component parameters (AddParameter): Name = "Package"; Value = "73251-1350"; VariantName = "[No Variations]"
Change component parameters (AddParameter): Name = "RoHS"; Value = "TRUE"; VariantName = "[No Variations]"
Change component parameters (AddParameter): Name = "Shielding"; Value = "true"; VariantName = "[No Variations]"
Change component parameters (AddParameter): Name = "Standoff Height"; Value = "0.41mm"; VariantName = "[No Variations]"
Change component parameters (AddParameter): Name = "Temperature"; Value = "-65°C to +165°C"; VariantName = "[No Variations]"
Change component parameters (AddParameter): Name = "Temperature Range High"; Value = "+165°C"; VariantName = "[No Variations]"
Change component parameters (AddParameter): Name = "Temperature Range Low"; Value = "-65°C"; VariantName = "[No Variations]"
Change component parameters (AddParameter): Name = "Voltage Rating"; Value = "500V"; VariantName = "[No Variations]"
Change component parameters: Designator = "L1"; Footprint = "WE-TPC-4818-M"; UniqueID = "\HVCIFTNO"
Change component parameters. Clean all parameters for all variants
Change component parameters (AddParameter): Name = "ComponentLink1Description"; Value = "Manufacturer Link"; VariantName = "[No Variations]"
Change component parameters (AddParameter): Name = "ComponentLink1URL"; Value = "http://www.we-online.com"; VariantName = "[No Variations]"
Change component parameters (AddParameter): Name = "ComponentLink2Description"; Value = "Datasheet"; VariantName = "[No Variations]"
Change component parameters (AddParameter): Name = "ComponentLink2URL"; Value = "http://www.we-online.de/katalog/media/pdf/7440420039.pdf"; VariantName = "[No Variations]"
Change component parameters (AddParameter): Name = "DatasheetVersion"; Value = "ver 6, Aug-2010"; VariantName = "[No Variations]"
Change component parameters (AddParameter): Name = "Inductance"; Value = "3.90 AµH"; VariantName = "[No Variations]"
Change component parameters (AddParameter): Name = "PackageDescription"; Value = "SMD Inductor, 2-Leads, Body 4.8 x 4.8 mm"; VariantName = "[No Variations]"
Change component parameters (AddParameter): Name = "PackageReference"; Value = "WE-TPC-4818-M"; VariantName = "[No Variations]"
Change component parameters (AddParameter): Name = "PackageVersion"; Value = "2010"; VariantName = "[No Variations]"
Change component parameters: Designator = "L2"; Footprint = "WE-PD2-S"; UniqueID = "\PIYIXUTB"
Change component parameters. Clean all parameters for all variants
Change component parameters (AddParameter): Name = "ComponentLink1Description"; Value = "Manufacturer Link"; VariantName = "[No Variations]"
Change component parameters (AddParameter): Name = "ComponentLink1URL"; Value = "http://www.we-online.com"; VariantName = "[No Variations]"
Change component parameters (AddParameter): Name = "ComponentLink2Description"; Value = "Datasheet"; VariantName = "[No Variations]"
Change component parameters (AddParameter): Name = "ComponentLink2URL"; Value = "http://www.we-online.de/katalog/media/pdf/74477310.pdf"; VariantName = "[No Variations]"
Change component parameters (AddParameter): Name = "DatasheetVersion"; Value = "ver 1, Oct-2004"; VariantName = "[No Variations]"
Change component parameters (AddParameter): Name = "Inductance"; Value = "10.0 AµH"; VariantName = "[No Variations]"
Change component parameters (AddParameter): Name = "PackageDescription"; Value = "SMD Inductor, 2-Leads, Body 4.5 x 4.0 mm"; VariantName = "[No Variations]"
Change component parameters (AddParameter): Name = "PackageReference"; Value = "WE-PD2-S"; VariantName = "[No Variations]"
Change component parameters (AddParameter): Name = "PackageVersion"; Value = "2004"; VariantName = "[No Variations]"
Change component parameters: Designator = "L3"; Footprint = "WE-TPC-4818-M"; UniqueID = "\EIWZCJOG"
Change component parameters. Clean all parameters for all variants
Change component parameters (AddParameter): Name = "ComponentLink1Description"; Value = "Manufacturer Link"; VariantName = "[No Variations]"
Change component parameters (AddParameter): Name = "ComponentLink1URL"; Value = "http://www.we-online.com"; VariantName = "[No Variations]"
Change component parameters (AddParameter): Name = "ComponentLink2Description"; Value = "Datasheet"; VariantName = "[No Variations]"
Change component parameters (AddParameter): Name = "ComponentLink2URL"; Value = "http://www.we-online.de/katalog/media/pdf/7440420039.pdf"; VariantName = "[No Variations]"
Change component parameters (AddParameter): Name = "DatasheetVersion"; Value = "ver 6, Aug-2010"; VariantName = "[No Variations]"
Change component parameters (AddParameter): Name = "Inductance"; Value = "3.90 AµH"; VariantName = "[No Variations]"
Change component parameters (AddParameter): Name = "PackageDescription"; Value = "SMD Inductor, 2-Leads, Body 4.8 x 4.8 mm"; VariantName = "[No Variations]"
Change component parameters (AddParameter): Name = "PackageReference"; Value = "WE-TPC-4818-M"; VariantName = "[No Variations]"
Change component parameters (AddParameter): Name = "PackageVersion"; Value = "2010"; VariantName = "[No Variations]"
Change component parameters: Designator = "L4"; Footprint = "WE-TPC-4818-M"; UniqueID = "\DWEEQWQE"
Change component parameters. Clean all parameters for all variants
Change component parameters (AddParameter): Name = "ComponentLink1Description"; Value = "Manufacturer Link"; VariantName = "[No Variations]"
Change component parameters (AddParameter): Name = "ComponentLink1URL"; Value = "http://www.we-online.com"; VariantName = "[No Variations]"
Change component parameters (AddParameter): Name = "ComponentLink2Description"; Value = "Datasheet"; VariantName = "[No Variations]"
Change component parameters (AddParameter): Name = "ComponentLink2URL"; Value = "http://www.we-online.de/katalog/media/pdf/7440420039.pdf"; VariantName = "[No Variations]"
Change component parameters (AddParameter): Name = "DatasheetVersion"; Value = "ver 6, Aug-2010"; VariantName = "[No Variations]"
Change component parameters (AddParameter): Name = "Inductance"; Value = "3.90 AµH"; VariantName = "[No Variations]"
Change component parameters (AddParameter): Name = "PackageDescription"; Value = "SMD Inductor, 2-Leads, Body 4.8 x 4.8 mm"; VariantName = "[No Variations]"
Change component parameters (AddParameter): Name = "PackageReference"; Value = "WE-TPC-4818-M"; VariantName = "[No Variations]"
Change component parameters (AddParameter): Name = "PackageVersion"; Value = "2010"; VariantName = "[No Variations]"
Change component parameters: Designator = "L8"; Footprint = "SMD-1210"; UniqueID = "\RCEYMEXS"
Change component parameters. Clean all parameters for all variants
Change component parameters (AddParameter): Name = "ComponentLink1Description"; Value = "Manufacturer Link"; VariantName = "[No Variations]"
Change component parameters (AddParameter): Name = "ComponentLink1URL"; Value = "http://www.we-online.com"; VariantName = "[No Variations]"
Change component parameters (AddParameter): Name = "ComponentLink2Description"; Value = "Datasheet"; VariantName = "[No Variations]"
Change component parameters (AddParameter): Name = "ComponentLink2URL"; Value = "http://www.we-online.de/katalog/media/pdf/7447918.pdf"; VariantName = "[No Variations]"
Change component parameters (AddParameter): Name = "DatasheetVersion"; Value = "ver 5, Oct-2004"; VariantName = "[No Variations]"
Change component parameters (AddParameter): Name = "Inductance"; Value = "10.00 AµH"; VariantName = "[No Variations]"
Change component parameters (AddParameter): Name = "PackageDescription"; Value = "Chip Inductor, 2-Leads, Body 3.2 x 2.5 mm"; VariantName = "[No Variations]"
Change component parameters (AddParameter): Name = "PackageReference"; Value = "SMD-1210"; VariantName = "[No Variations]"
Change component parameters (AddParameter): Name = "PackageVersion"; Value = "2007"; VariantName = "[No Variations]"
Change component parameters: Designator = "L9"; Footprint = "SMD-1210"; UniqueID = "\BZBQJCGO"
Change component parameters. Clean all parameters for all variants
Change component parameters (AddParameter): Name = "ComponentLink1Description"; Value = "Manufacturer Link"; VariantName = "[No Variations]"
Change component parameters (AddParameter): Name = "ComponentLink1URL"; Value = "http://www.we-online.com"; VariantName = "[No Variations]"
Change component parameters (AddParameter): Name = "ComponentLink2Description"; Value = "Datasheet"; VariantName = "[No Variations]"
Change component parameters (AddParameter): Name = "ComponentLink2URL"; Value = "http://www.we-online.de/katalog/media/pdf/7447918.pdf"; VariantName = "[No Variations]"
Change component parameters (AddParameter): Name = "DatasheetVersion"; Value = "ver 5, Oct-2004"; VariantName = "[No Variations]"
Change component parameters (AddParameter): Name = "Inductance"; Value = "10.00 AµH"; VariantName = "[No Variations]"
Change component parameters (AddParameter): Name = "PackageDescription"; Value = "Chip Inductor, 2-Leads, Body 3.2 x 2.5 mm"; VariantName = "[No Variations]"
Change component parameters (AddParameter): Name = "PackageReference"; Value = "SMD-1210"; VariantName = "[No Variations]"
Change component parameters (AddParameter): Name = "PackageVersion"; Value = "2007"; VariantName = "[No Variations]"
Change component parameters: Designator = "U9"; Footprint = "DBV0005A_N"; UniqueID = "\TMCNXOCP"
Change component parameters. Clean all parameters for all variants
Change component parameters (AddParameter): Name = "Code_JEDEC"; Value = "MO-178"; VariantName = "[No Variations]"
Change component parameters (AddParameter): Name = "ComponentLink1Description"; Value = "Manufacturer URL"; VariantName = "[No Variations]"
Change component parameters (AddParameter): Name = "ComponentLink1URL"; Value = "http://www.ti.com/"; VariantName = "[No Variations]"
Change component parameters (AddParameter): Name = "ComponentLink2Description"; Value = "Datasheet"; VariantName = "[No Variations]"
Change component parameters (AddParameter): Name = "ComponentLink2URL"; Value = "http://www.ti.com/general/docs/lit/getliterature.tsp?genericPartNumber=TPS61040&fileType=pdf"; VariantName = "[No Variations]"
Change component parameters (AddParameter): Name = "ComponentLink3Description"; Value = "Package Specification"; VariantName = "[No Variations]"
Change component parameters (AddParameter): Name = "ComponentLink3URL"; Value = "http://www.ti.com/litv/pdf/mpds018i"; VariantName = "[No Variations]"
Change component parameters (AddParameter): Name = "DatasheetVersion"; Value = "SLVS413F"; VariantName = "[No Variations]"
Change component parameters (AddParameter): Name = "Dimming"; Value = "TRUE"; VariantName = "[No Variations]"
Change component parameters (AddParameter): Name = "Eco-Plan"; Value = "Green (RoHS & no Sb/Br)"; VariantName = "[No Variations]"
Change component parameters (AddParameter): Name = "Iout(Max)(A)"; Value = "0.09"; VariantName = "[No Variations]"
Change component parameters (AddParameter): Name = "Iq(Typ)(mA)"; Value = "0.028"; VariantName = "[No Variations]"
Change component parameters (AddParameter): Name = "Manufacturer"; Value = "Texas Instruments"; VariantName = "[No Variations]"
Change component parameters (AddParameter): Name = "Mounting Technology"; Value = "Surface Mount"; VariantName = "[No Variations]"
Change component parameters (AddParameter): Name = "PackageDescription"; Value = "5-Pin Plastic Small Outline, Body 1.60 A?aˆ” 2.90 mm, Pitch 0.95 mm"; VariantName = "[No Variations]"
Change component parameters (AddParameter): Name = "PackageReference"; Value = "DBV0005A"; VariantName = "[No Variations]"
Change component parameters (AddParameter): Name = "PackageVersion"; Value = "4073253-4/K"; VariantName = "[No Variations]"
Change component parameters (AddParameter): Name = "PartNumber"; Value = "TPS61040DBVR"; VariantName = "[No Variations]"
Change component parameters (AddParameter): Name = "Rating"; Value = "Catalog"; VariantName = "[No Variations]"
Change component parameters (AddParameter): Name = "SubFamily"; Value = "White LED Driver"; VariantName = "[No Variations]"
Change component parameters (AddParameter): Name = "Switching Frequency(Max)(kHz)"; Value = "1000"; VariantName = "[No Variations]"
Change component parameters (AddParameter): Name = "Topology"; Value = "Boost"; VariantName = "[No Variations]"
Change component parameters (AddParameter): Name = "Vin(Max)(V)"; Value = "6"; VariantName = "[No Variations]"
Change component parameters (AddParameter): Name = "Vin(Min)(V)"; Value = "1.8"; VariantName = "[No Variations]"
Added Component: Designator=MIX1(IAM81008)
Add component. Clean all parameters for all variants
Add component (AddParameter): Name = "ComponentLink1Description"; Value = "https://www.chipfind.ru/datasheet/agilent/iam81008.htm"; VariantName = "[No Variations]"
Add component (AddParameter): Name = "ComponentLink1URL"; Value = ""; VariantName = "[No Variations]"
Added Component: Designator=U*1(PCBComponent_1)
Add component. Clean all parameters for all variants
Added Component: Designator=U*2(PCBComponent_1)
Add component. Clean all parameters for all variants
Added Component: Designator=U*3(PCBComponent_1)
Add component. Clean all parameters for all variants
Added Component: Designator=U*4(PCBComponent_1)
Add component. Clean all parameters for all variants
Added Component: Designator=U*5(PCBComponent_1)
Add component. Clean all parameters for all variants
Added Component: Designator=U*6(PCBComponent_1)
Add component. Clean all parameters for all variants
Added Pin To Net: NetName=NetC125_1 Pin=MIX1-1
Added Pin To Net: NetName=AGND Pin=MIX1-2
Added Pin To Net: NetName=AGND Pin=MIX1-3
Added Pin To Net: NetName=NetMIX1_4 Pin=MIX1-4
Added Pin To Net: NetName=NetMIX1_5 Pin=MIX1-5
Added Pin To Net: NetName=NetC115_1 Pin=MIX1-6
Added Pin To Net: NetName=+5 Pin=MIX1-7
Added Pin To Net: NetName=NetC114_1 Pin=MIX1-8
Added Pin To Net: NetName=NetU*1_2 Pin=U*1-2
Added Pin To Net: NetName=NetU*1_3 Pin=U*1-3
Added Pin To Net: NetName=+3.3 Pin=U*1-4
Added Pin To Net: NetName=SW_REF3 Pin=U*1-5
Added Pin To Net: NetName=SW_REF2 Pin=U*1-6
Added Pin To Net: NetName=SW_REF1 Pin=U*1-7
Added Pin To Net: NetName=NetU*1_9 Pin=U*1-9
Added Pin To Net: NetName=NetC76_2 Pin=U*1-13
Added Pin To Net: NetName=GND Pin=U*1-15
Added Pin To Net: NetName=NetU*2_2 Pin=U*2-2
Added Pin To Net: NetName=NetU*1_3 Pin=U*2-3
Added Pin To Net: NetName=+3.3 Pin=U*2-4
Added Pin To Net: NetName=SW_OUT3 Pin=U*2-5
Added Pin To Net: NetName=SW_OUT2 Pin=U*2-6
Added Pin To Net: NetName=SW_OUT1 Pin=U*2-7
Added Pin To Net: NetName=NetU*2_9 Pin=U*2-9
Added Pin To Net: NetName=NetU*2_10 Pin=U*2-10
Added Pin To Net: NetName=NetC67_1 Pin=U*2-13
Added Pin To Net: NetName=GND Pin=U*2-15
Added Pin To Net: NetName=NetU*3_2 Pin=U*3-2
Added Pin To Net: NetName=NetC83_1 Pin=U*3-3
Added Pin To Net: NetName=+3.3 Pin=U*3-4
Added Pin To Net: NetName=SW_RF3 Pin=U*3-5
Added Pin To Net: NetName=SW_RF2 Pin=U*3-6
Added Pin To Net: NetName=SW_RF1 Pin=U*3-7
Added Pin To Net: NetName=NetU*1_9 Pin=U*3-9
Added Pin To Net: NetName=NetU*3_10 Pin=U*3-10
Added Pin To Net: NetName=NetMIX1_4 Pin=U*3-13
Added Pin To Net: NetName=GND Pin=U*3-15
Added Pin To Net: NetName=NetU*4_2 Pin=U*4-2
Added Pin To Net: NetName=NetU*2_9 Pin=U*4-3
Added Pin To Net: NetName=+3.3 Pin=U*4-4
Added Pin To Net: NetName=SW_SI3 Pin=U*4-5
Added Pin To Net: NetName=SW_SI2 Pin=U*4-6
Added Pin To Net: NetName=SW_SI1 Pin=U*4-7
Added Pin To Net: NetName=NetU*3_2 Pin=U*4-9
Added Pin To Net: NetName=NetR56_1 Pin=U*4-13
Added Pin To Net: NetName=GND Pin=U*4-15
Added Pin To Net: NetName=NetU*5_2 Pin=U*5-2
Added Pin To Net: NetName=NetU*1_2 Pin=U*5-3
Added Pin To Net: NetName=+3.3 Pin=U*5-4
Added Pin To Net: NetName=SW_LO3 Pin=U*5-5
Added Pin To Net: NetName=SW_LO2 Pin=U*5-6
Added Pin To Net: NetName=SW_LO1 Pin=U*5-7
Added Pin To Net: NetName=NetU*4_2 Pin=U*5-9
Added Pin To Net: NetName=NetU*2_10 Pin=U*5-10
Added Pin To Net: NetName=NetMIX1_5 Pin=U*5-13
Added Pin To Net: NetName=GND Pin=U*5-15
Added Pin To Net: NetName=NetU*5_2 Pin=U*6-2
Added Pin To Net: NetName=NetU*2_2 Pin=U*6-3
Added Pin To Net: NetName=+3.3 Pin=U*6-4
Added Pin To Net: NetName=SW_HET3 Pin=U*6-5
Added Pin To Net: NetName=SW_HET2 Pin=U*6-6
Added Pin To Net: NetName=SW_HET1 Pin=U*6-7
Added Pin To Net: NetName=NetU*3_10 Pin=U*6-9
Added Pin To Net: NetName=NetC126_2 Pin=U*6-13
Added Pin To Net: NetName=GND Pin=U*6-15
Added Member To Class: ClassName=Power Member=Component *13 Test Pad
Added Member To Class: ClassName=Analog Member=Component MIX1 IAM81008
Added Member To Class: ClassName=Analog Member=Component U*1 RF Switch
Added Member To Class: ClassName=Analog Member=Component U*2 RF Switch
Added Member To Class: ClassName=Analog Member=Component U*3 RF Switch
Added Member To Class: ClassName=Analog Member=Component U*4 RF Switch
Added Member To Class: ClassName=Analog Member=Component U*5 RF Switch
Added Member To Class: ClassName=Analog Member=Component U*6 RF Switch
