Added Component: Designator=C148(CAPC2013X70X45NL10T25)
Add component. Clean all parameters for all variants
Add component (AddParameter): Name = "Manufacturer"; Value = "Murata"; VariantName = "[No Variations]"
Add component (AddParameter): Name = "Part Number"; Value = "GRM216R61E105KA12D"; VariantName = "[No Variations]"
Added Component: Designator=C149(CAPC2013X70X45NL10T25)
Add component. Clean all parameters for all variants
Add component (AddParameter): Name = "Manufacturer"; Value = "Murata"; VariantName = "[No Variations]"
Add component (AddParameter): Name = "Part Number"; Value = "GRM216R61E105KA12D"; VariantName = "[No Variations]"
Added Component: Designator=C150(CAPC2013X70X45NL10T25)
Add component. Clean all parameters for all variants
Add component (AddParameter): Name = "Manufacturer"; Value = "Murata"; VariantName = "[No Variations]"
Add component (AddParameter): Name = "Part Number"; Value = "GRM216R61E105KA12D"; VariantName = "[No Variations]"
Added Pin To Net: NetName=GND Pin=C148-1
Added Pin To Net: NetName=+3.3 Pin=C148-2
Added Pin To Net: NetName=GND Pin=C149-1
Added Pin To Net: NetName=+3.3 Pin=C149-2
Added Pin To Net: NetName=GND Pin=C150-1
Added Pin To Net: NetName=+3.3 Pin=C150-2
Added Member To Class: ClassName=MCU Member=Component C148 100nf
Added Member To Class: ClassName=MCU Member=Component C149 100nf
Added Member To Class: ClassName=MCU Member=Component C150 100nf
