Change Component Designator: Old Designator=*13 New Designator=*1
Change Component Designator: Old Designator=*14 New Designator=*3
Change Component Designator: Old Designator=*15 New Designator=*4
Change Component Designator: Old Designator=*16 New Designator=*5
Change Component Designator: Old Designator=*17 New Designator=*6
Change Component Designator: Old Designator=*18 New Designator=*7
Change Component Designator: Old Designator=*19 New Designator=*8
Change Component Designator: Old Designator=* New Designator=*2
Change Component Designator: Old Designator=C3 New Designator=C4
Change Component Designator: Old Designator=C110 New Designator=C3
Change Component Designator: Old Designator=R2 New Designator=R3
Change Component Designator: Old Designator=R3 New Designator=R6
Change Component Designator: Old Designator=R4 New Designator=R7
Change Component Designator: Old Designator=R5 New Designator=R8
Change Component Designator: Old Designator=R62 New Designator=R2
Change Component Designator: Old Designator=R63 New Designator=R4
Change Component Designator: Old Designator=R64 New Designator=R5
Change Component Designator: Old Designator=U1 New Designator=U3
Change Component Designator: Old Designator=U1 New Designator=U3
Change Component Designator: Old Designator=U1 New Designator=U3
Change Component Designator: Old Designator=U1 New Designator=U3
Change Component Designator: Old Designator=U12 New Designator=U1
Change Component Designator: Old Designator=U13 New Designator=U2
Change Component Designator: Old Designator=U14 New Designator=U4
Change Component Designator: Old Designator=U15 New Designator=U5
