Change Component Designator: Old Designator=*? New Designator=*13
Change Component Designator: Old Designator=*? New Designator=*14
Change Component Designator: Old Designator=*? New Designator=*15
Change Component Designator: Old Designator=*? New Designator=*16
Change Component Designator: Old Designator=*? New Designator=*17
Change Component Designator: Old Designator=*? New Designator=*18
Change Component Designator: Old Designator=*? New Designator=*19
Change Component Designator: Old Designator=C? New Designator=C110
Change Component Designator: Old Designator=MD? New Designator=MD1
Change Component Designator: Old Designator=P? New Designator=P2
Change Component Designator: Old Designator=R? New Designator=R62
Change Component Designator: Old Designator=R? New Designator=R63
Change Component Designator: Old Designator=R? New Designator=R64
Change Component Designator: Old Designator=RN? New Designator=RN1
Change Component Designator: Old Designator=RN? New Designator=RN2
Change Component Designator: Old Designator=RN? New Designator=RN3
Change Component Designator: Old Designator=RN? New Designator=RN4
Change Component Designator: Old Designator=RN? New Designator=RN5
Change Component Designator: Old Designator=RN? New Designator=RN6
Change Component Designator: Old Designator=RN? New Designator=RN1
Change Component Designator: Old Designator=RN? New Designator=RN2
Change Component Designator: Old Designator=RN? New Designator=RN3
Change Component Designator: Old Designator=RN? New Designator=RN4
Change Component Designator: Old Designator=RN? New Designator=RN5
Change Component Designator: Old Designator=RN? New Designator=RN6
Change Component Designator: Old Designator=RN? New Designator=RN1
Change Component Designator: Old Designator=RN? New Designator=RN2
Change Component Designator: Old Designator=RN? New Designator=RN3
Change Component Designator: Old Designator=RN? New Designator=RN4
Change Component Designator: Old Designator=RN? New Designator=RN5
Change Component Designator: Old Designator=RN? New Designator=RN6
Change Component Designator: Old Designator=RN? New Designator=RN1
Change Component Designator: Old Designator=RN? New Designator=RN2
Change Component Designator: Old Designator=RN? New Designator=RN3
Change Component Designator: Old Designator=RN? New Designator=RN4
Change Component Designator: Old Designator=RN? New Designator=RN5
Change Component Designator: Old Designator=RN? New Designator=RN6
Change Component Designator: Old Designator=U? New Designator=U12
Change Component Designator: Old Designator=U? New Designator=U13
Change Component Designator: Old Designator=U? New Designator=U14
Change Component Designator: Old Designator=U? New Designator=U15
